<?xml version="1.0" encoding="UTF-8"?>
<!-- Generated by org.testng.reporters.JUnitXMLReporter -->
<testsuite ignored="0" hostname="LAPTOP-SAO9VTP8" failures="0" tests="3" name="Test" time="2.017" errors="0" timestamp="10 Jan 2022 07:23:29 GMT">
  <testcase classname="com.datadriven.DataDrivenTest" name="@AfterClass tearDown" time="0.0">
    <failure type="java.lang.NullPointerException" message="Cannot invoke &amp;quot;org.openqa.selenium.WebDriver.close()&amp;quot; because &amp;quot;this.driver&amp;quot; is null">
      <![CDATA[java.lang.NullPointerException: Cannot invoke "org.openqa.selenium.WebDriver.close()" because "this.driver" is null
at com.datadriven.DataDrivenTest.tearDown(DataDrivenTest.java:67)
... Removed 26 stack frames]]>
    </failure>
  </testcase> <!-- @AfterClass tearDown -->
  <testcase classname="com.datadriven.DataDrivenTest" name="loginTest" time="0.005"/>
  <testcase classname="com.datadriven.DataDrivenTest" name="loginTest" time="0.002"/>
  <testcase classname="com.datadriven.DataDrivenTest" name="loginTest" time="0.001"/>
</testsuite> <!-- Test -->
